<?xml version="1.0" encoding="UTF-8"?>
<!-- Generated by org.testng.reporters.JUnitXMLReporter -->
<testsuite ignored="0" hostname="DESKTOP-4V5TV33" failures="1" tests="1" name="Default test(failed)" time="21.587" errors="0" timestamp="2022-10-28T16:46:46 IST">
  <testcase classname="com.automationtesting.testngconcpt.NinjaTest" name="NinjaLogin" time="21.508">
    <failure type="java.lang.AssertionError" message="expected [http://tutorialsninja.com/demo/index.php?route=account/account] but found [http://tutorialsninja.com/demo/index.php?route=account/log]">
      <![CDATA[java.lang.AssertionError: expected [http://tutorialsninja.com/demo/index.php?route=account/account] but found [http://tutorialsninja.com/demo/index.php?route=account/log]
at com.automationtesting.testngconcpt.NinjaTest.NinjaLogin(NinjaTest.java:28)
at java.base/java.util.ArrayList.forEach(ArrayList.java:1511)
... Removed 31 stack frames]]>
    </failure>
  </testcase> <!-- NinjaLogin -->
</testsuite> <!-- Default test(failed) -->
